<?xml version="1.0" encoding="UTF-8"?>
<!-- Generated by org.testng.reporters.JUnitXMLReporter -->
<testsuite hostname="sumanth-X550CA" name="Regression Test" tests="10" failures="0" timestamp="31 May 2016 10:06:36 GMT" time="4.965" errors="0">
  <testcase name="titleVerification" time="0.615" classname="com.jaya.webdesign.ver5.Version5Test"/>
  <testcase name="urlAndTitleCheck" time="0.029" classname="com.jaya.webdesign.ver5.Version5Test"/>
  <testcase name="buttonVerification" time="0.072" classname="com.jaya.webdesign.ver5.Version5Test"/>
  <testcase name="serviceTabVerification" time="0.118" classname="com.jaya.webdesign.ver5.Version5Test"/>
  <testcase name="serviceSubsectionVerification" time="0.353" classname="com.jaya.webdesign.ver5.Version5Test"/>
  <testcase name="taglineVerification" time="0.044" classname="com.jaya.webdesign.ver5.Version5Test"/>
  <testcase name="serviceImageVerification" time="0.06" classname="com.jaya.webdesign.ver5.Version5Test"/>
  <testcase name="footerVerification" time="0.102" classname="com.jaya.webdesign.ver5.Version5Test"/>
  <testcase name="sloganVerification" time="0.091" classname="com.jaya.webdesign.ver5.Version5Test"/>
  <testcase name="toggleVerification" time="0.042" classname="com.jaya.webdesign.ver5.Version5Test"/>
</testsuite> <!-- Regression Test -->
