<?xml version="1.0" encoding="UTF-8"?>
<!-- Generated by org.testng.reporters.JUnitXMLReporter -->
<testsuite hostname="sumanth-X550CA" name="Default test" tests="10" failures="0" timestamp="31 May 2016 10:04:59 GMT" time="4.458" errors="0">
  <testcase name="titleVerification" time="0.576" classname="com.jaya.webdesign.ver5.Version5Test"/>
  <testcase name="urlAndTitleCheck" time="0.026" classname="com.jaya.webdesign.ver5.Version5Test"/>
  <testcase name="buttonVerification" time="0.07" classname="com.jaya.webdesign.ver5.Version5Test"/>
  <testcase name="serviceTabVerification" time="0.127" classname="com.jaya.webdesign.ver5.Version5Test"/>
  <testcase name="serviceSubsectionVerification" time="0.297" classname="com.jaya.webdesign.ver5.Version5Test"/>
  <testcase name="taglineVerification" time="0.042" classname="com.jaya.webdesign.ver5.Version5Test"/>
  <testcase name="serviceImageVerification" time="0.068" classname="com.jaya.webdesign.ver5.Version5Test"/>
  <testcase name="footerVerification" time="0.103" classname="com.jaya.webdesign.ver5.Version5Test"/>
  <testcase name="sloganVerification" time="0.092" classname="com.jaya.webdesign.ver5.Version5Test"/>
  <testcase name="toggleVerification" time="0.039" classname="com.jaya.webdesign.ver5.Version5Test"/>
</testsuite> <!-- Default test -->
